1551455741786	mozrunner::runner	INFO	Running command: "/usr/bin/firefox" "-marionette" "-headless" "-foreground" "-no-remote" "-profile" "/tmp/rust_mozprofile.NQ0kZybedb3k"
*** You are running in headless mode.
1551455742202	addons.webextension.screenshots@mozilla.org	WARN	Loading extension 'screenshots@mozilla.org': Reading manifest: Invalid host permission: resource://pdf.js/
1551455742202	addons.webextension.screenshots@mozilla.org	WARN	Loading extension 'screenshots@mozilla.org': Reading manifest: Invalid host permission: about:reader*
1551455743330	Marionette	INFO	Listening on port 42113
1551455743393	Marionette	WARN	TLS certificate errors will be ignored for this session
1551455748712	Marionette	INFO	Stopped listening on port 42113

###!!! [Child][RunMessage] Error: Channel closing: too late to send/recv, messages will be lost


###!!! [Child][RunMessage] Error: Channel closing: too late to send/recv, messages will be lost

[Parent 13320, Gecko_IOThread] WARNING: pipe error (65): Connection reset by peer: file /builddir/build/BUILD/firefox-65.0/ipc/chromium/src/chrome/common/ipc_channel_posix.cc, line 349
[Parent 13320, Gecko_IOThread] WARNING: pipe error (72): Connection reset by peer: file /builddir/build/BUILD/firefox-65.0/ipc/chromium/src/chrome/common/ipc_channel_posix.cc, line 349
1551456060854	mozrunner::runner	INFO	Running command: "/usr/bin/firefox" "-marionette" "-foreground" "-no-remote" "-profile" "/tmp/rust_mozprofile.9ieWkJfVQb8A"
1551456062203	addons.webextension.screenshots@mozilla.org	WARN	Loading extension 'screenshots@mozilla.org': Reading manifest: Invalid host permission: resource://pdf.js/
1551456062203	addons.webextension.screenshots@mozilla.org	WARN	Loading extension 'screenshots@mozilla.org': Reading manifest: Invalid host permission: about:reader*
1551456063309	Marionette	INFO	Listening on port 46417
1551456063379	Marionette	WARN	TLS certificate errors will be ignored for this session
[Parent 13835, Gecko_IOThread] WARNING: pipe error (68): Connection reset by peer: file /builddir/build/BUILD/firefox-65.0/ipc/chromium/src/chrome/common/ipc_channel_posix.cc, line 349
1551456135135	Marionette	INFO	Stopped listening on port 46417
1551456168924	mozrunner::runner	INFO	Running command: "/usr/bin/firefox" "-marionette" "-foreground" "-no-remote" "-profile" "/tmp/rust_mozprofile.DirpVCyHXGMI"
1551456169604	addons.webextension.screenshots@mozilla.org	WARN	Loading extension 'screenshots@mozilla.org': Reading manifest: Invalid host permission: resource://pdf.js/
1551456169604	addons.webextension.screenshots@mozilla.org	WARN	Loading extension 'screenshots@mozilla.org': Reading manifest: Invalid host permission: about:reader*
1551456170736	Marionette	INFO	Listening on port 41353
1551456170833	Marionette	WARN	TLS certificate errors will be ignored for this session
JavaScript warning: https://members.pinnacle.com/_Incapsula_Resource?SWJIYLWA=719d34d31c8e3a6e6fffd425f7e032f3&ns=3&cb=1592809824, line 1: unreachable code after return statement
JavaScript warning: https://members.pinnacle.com/_Incapsula_Resource?SWJIYLWA=719d34d31c8e3a6e6fffd425f7e032f3&ns=3&cb=1592809824, line 1: unreachable code after return statement
JavaScript warning: https://members.pinnacle.com/_Incapsula_Resource?SWJIYLWA=719d34d31c8e3a6e6fffd425f7e032f3&ns=3&cb=1592809824 line 1 > eval, line 1: unreachable code after return statement
1551456178810	Marionette	INFO	Stopped listening on port 41353

###!!! [Child][MessageChannel] Error: (msgtype=0x5F0029,name=PNecko::Msg_RemoveRequestContext) Channel closing: too late to send/recv, messages will be lost


###!!! [Child][RunMessage] Error: Channel closing: too late to send/recv, messages will be lost

1551456254958	mozrunner::runner	INFO	Running command: "/usr/bin/firefox" "-marionette" "-foreground" "-no-remote" "-profile" "/tmp/rust_mozprofile.t0y9U9aCRAM6"
1551456255610	addons.webextension.screenshots@mozilla.org	WARN	Loading extension 'screenshots@mozilla.org': Reading manifest: Invalid host permission: resource://pdf.js/
1551456255610	addons.webextension.screenshots@mozilla.org	WARN	Loading extension 'screenshots@mozilla.org': Reading manifest: Invalid host permission: about:reader*
1551456256719	Marionette	INFO	Listening on port 45667
1551456256764	Marionette	WARN	TLS certificate errors will be ignored for this session
JavaScript warning: https://members.pinnacle.com/_Incapsula_Resource?SWJIYLWA=719d34d31c8e3a6e6fffd425f7e032f3&ns=3&cb=1103473531, line 1: unreachable code after return statement
JavaScript warning: https://members.pinnacle.com/_Incapsula_Resource?SWJIYLWA=719d34d31c8e3a6e6fffd425f7e032f3&ns=3&cb=1103473531, line 1: unreachable code after return statement
JavaScript warning: https://members.pinnacle.com/_Incapsula_Resource?SWJIYLWA=719d34d31c8e3a6e6fffd425f7e032f3&ns=3&cb=1103473531 line 1 > eval, line 1: unreachable code after return statement
1551456264671	Marionette	INFO	Stopped listening on port 45667
1551456346859	mozrunner::runner	INFO	Running command: "/usr/bin/firefox" "-marionette" "-foreground" "-no-remote" "-profile" "/tmp/rust_mozprofile.aLLXIJzgTJRJ"
1551456347293	addons.webextension.screenshots@mozilla.org	WARN	Loading extension 'screenshots@mozilla.org': Reading manifest: Invalid host permission: resource://pdf.js/
1551456347293	addons.webextension.screenshots@mozilla.org	WARN	Loading extension 'screenshots@mozilla.org': Reading manifest: Invalid host permission: about:reader*
1551456348456	Marionette	INFO	Listening on port 44421
1551456349467	Marionette	WARN	TLS certificate errors will be ignored for this session
JavaScript warning: https://members.pinnacle.com/_Incapsula_Resource?SWJIYLWA=719d34d31c8e3a6e6fffd425f7e032f3&ns=3&cb=553578526, line 1: unreachable code after return statement
1551456406232	Marionette	INFO	Stopped listening on port 44421
1551456723832	mozrunner::runner	INFO	Running command: "/usr/bin/firefox" "-marionette" "-foreground" "-no-remote" "-profile" "/tmp/rust_mozprofile.DCnBzPJ7REJf"
1551456724254	addons.webextension.screenshots@mozilla.org	WARN	Loading extension 'screenshots@mozilla.org': Reading manifest: Invalid host permission: resource://pdf.js/
1551456724254	addons.webextension.screenshots@mozilla.org	WARN	Loading extension 'screenshots@mozilla.org': Reading manifest: Invalid host permission: about:reader*
1551456725346	Marionette	INFO	Listening on port 39895
1551456725438	Marionette	WARN	TLS certificate errors will be ignored for this session
JavaScript warning: https://members.pinnacle.com/_Incapsula_Resource?SWJIYLWA=719d34d31c8e3a6e6fffd425f7e032f3&ns=3&cb=1630668923, line 1: unreachable code after return statement
JavaScript warning: https://members.pinnacle.com/_Incapsula_Resource?SWJIYLWA=719d34d31c8e3a6e6fffd425f7e032f3&ns=3&cb=1630668923 line 1 > eval, line 1: unreachable code after return statement
Exiting due to channel error.
Exiting due to channel error.
Exiting due to channel error.
1551456769232	mozrunner::runner	INFO	Running command: "/usr/bin/firefox" "-marionette" "-foreground" "-no-remote" "-profile" "/tmp/rust_mozprofile.FFAc2Nqr9cyi"
1551456769656	addons.webextension.screenshots@mozilla.org	WARN	Loading extension 'screenshots@mozilla.org': Reading manifest: Invalid host permission: resource://pdf.js/
1551456769656	addons.webextension.screenshots@mozilla.org	WARN	Loading extension 'screenshots@mozilla.org': Reading manifest: Invalid host permission: about:reader*
1551456770811	Marionette	INFO	Listening on port 36153
1551456770838	Marionette	WARN	TLS certificate errors will be ignored for this session
JavaScript warning: https://members.pinnacle.com/_Incapsula_Resource?SWJIYLWA=719d34d31c8e3a6e6fffd425f7e032f3&ns=3&cb=133653257, line 1: unreachable code after return statement
JavaScript warning: https://members.pinnacle.com/_Incapsula_Resource?SWJIYLWA=719d34d31c8e3a6e6fffd425f7e032f3&ns=3&cb=133653257, line 1: unreachable code after return statement
JavaScript warning: https://members.pinnacle.com/_Incapsula_Resource?SWJIYLWA=719d34d31c8e3a6e6fffd425f7e032f3&ns=3&cb=133653257 line 1 > eval, line 1: unreachable code after return statement
Exiting due to channel error.
Exiting due to channel error.
[GFX1-]: Receive IPC close with reason=AbnormalShutdown
[Child 16150, Chrome_ChildThread] WARNING: pipe error (3): Connection reset by peer: file /builddir/build/BUILD/firefox-65.0/ipc/chromium/src/chrome/common/ipc_channel_posix.cc, line 349
Exiting due to channel error.
1551456810970	mozrunner::runner	INFO	Running command: "/usr/bin/firefox" "-marionette" "-foreground" "-no-remote" "-profile" "/tmp/rust_mozprofile.0xbj8us6TFh6"
1551456811384	addons.webextension.screenshots@mozilla.org	WARN	Loading extension 'screenshots@mozilla.org': Reading manifest: Invalid host permission: resource://pdf.js/
1551456811384	addons.webextension.screenshots@mozilla.org	WARN	Loading extension 'screenshots@mozilla.org': Reading manifest: Invalid host permission: about:reader*
1551456812429	Marionette	INFO	Listening on port 35619
1551456812486	Marionette	WARN	TLS certificate errors will be ignored for this session
1551456814654	Marionette	INFO	Stopped listening on port 35619
1551456980247	mozrunner::runner	INFO	Running command: "/usr/bin/firefox" "-marionette" "-foreground" "-no-remote" "-profile" "/tmp/rust_mozprofile.lHFa6sxcI8nh"
1551456980671	addons.webextension.screenshots@mozilla.org	WARN	Loading extension 'screenshots@mozilla.org': Reading manifest: Invalid host permission: resource://pdf.js/
1551456980671	addons.webextension.screenshots@mozilla.org	WARN	Loading extension 'screenshots@mozilla.org': Reading manifest: Invalid host permission: about:reader*
1551456981807	Marionette	INFO	Listening on port 40095
1551456981855	Marionette	WARN	TLS certificate errors will be ignored for this session
JavaScript warning: https://members.pinnacle.com/_Incapsula_Resource?SWJIYLWA=719d34d31c8e3a6e6fffd425f7e032f3&ns=3&cb=1955704034, line 1: unreachable code after return statement
JavaScript warning: https://members.pinnacle.com/_Incapsula_Resource?SWJIYLWA=719d34d31c8e3a6e6fffd425f7e032f3&ns=3&cb=1955704034 line 1 > eval, line 1: unreachable code after return statement
console.error: BroadcastService: 
  receivedBroadcastMessage: handler for
  remote-settings/monitor_changes
  threw error:
  Message: Error: Polling for changes failed: NetworkError when attempting to fetch resource..
  Stack:
    remoteSettingsFunction/remoteSettings.pollChanges@resource://services-settings/remote-settings.js:188:13

Exiting due to channel error.
[Child 16957, Chrome_ChildThread] WARNING: pipe error (42): Connection reset by peer: file /builddir/build/BUILD/firefox-65.0/ipc/chromium/src/chrome/common/ipc_channel_posix.cc, line 349
[GFX1-]: Receive IPC close with reason=AbnormalShutdown
Exiting due to channel error.
Exiting due to channel error.
1551457122392	mozrunner::runner	INFO	Running command: "/usr/bin/firefox" "-marionette" "-foreground" "-no-remote" "-profile" "/tmp/rust_mozprofile.3CwYIfEp5qb4"
1551457122813	addons.webextension.screenshots@mozilla.org	WARN	Loading extension 'screenshots@mozilla.org': Reading manifest: Invalid host permission: resource://pdf.js/
1551457122813	addons.webextension.screenshots@mozilla.org	WARN	Loading extension 'screenshots@mozilla.org': Reading manifest: Invalid host permission: about:reader*
1551457123870	Marionette	INFO	Listening on port 35221
1551457123902	Marionette	WARN	TLS certificate errors will be ignored for this session
JavaScript warning: https://members.pinnacle.com/_Incapsula_Resource?SWJIYLWA=719d34d31c8e3a6e6fffd425f7e032f3&ns=3&cb=1392232221, line 1: unreachable code after return statement
JavaScript warning: https://members.pinnacle.com/_Incapsula_Resource?SWJIYLWA=719d34d31c8e3a6e6fffd425f7e032f3&ns=3&cb=1392232221, line 1: unreachable code after return statement
JavaScript warning: https://members.pinnacle.com/_Incapsula_Resource?SWJIYLWA=719d34d31c8e3a6e6fffd425f7e032f3&ns=3&cb=1392232221 line 1 > eval, line 1: unreachable code after return statement
Exiting due to channel error.
[Child 17347, Chrome_ChildThread] WARNING: pipe error (40): Connection reset by peer: file /builddir/build/BUILD/firefox-65.0/ipc/chromium/src/chrome/common/ipc_channel_posix.cc, line 349
Exiting due to channel error.
[GFX1-]: Receive IPC close with reason=AbnormalShutdown
[Child 17325, Chrome_ChildThread] WARNING: pipe error (3): Connection reset by peer: file /builddir/build/BUILD/firefox-65.0/ipc/chromium/src/chrome/common/ipc_channel_posix.cc, line 349
Exiting due to channel error.
1551457144864	mozrunner::runner	INFO	Running command: "/usr/bin/firefox" "-marionette" "-foreground" "-no-remote" "-profile" "/tmp/rust_mozprofile.73RG3XkUJ3w0"
1551457145309	addons.webextension.screenshots@mozilla.org	WARN	Loading extension 'screenshots@mozilla.org': Reading manifest: Invalid host permission: resource://pdf.js/
1551457145309	addons.webextension.screenshots@mozilla.org	WARN	Loading extension 'screenshots@mozilla.org': Reading manifest: Invalid host permission: about:reader*
1551457165233	mozrunner::runner	INFO	Running command: "/usr/bin/firefox" "-marionette" "-foreground" "-no-remote" "-profile" "/tmp/rust_mozprofile.dL4ZkMbaizQP"
1551457165631	addons.webextension.screenshots@mozilla.org	WARN	Loading extension 'screenshots@mozilla.org': Reading manifest: Invalid host permission: resource://pdf.js/
1551457165631	addons.webextension.screenshots@mozilla.org	WARN	Loading extension 'screenshots@mozilla.org': Reading manifest: Invalid host permission: about:reader*
1551457166710	Marionette	INFO	Listening on port 34989
1551457166741	Marionette	WARN	TLS certificate errors will be ignored for this session
JavaScript warning: https://members.pinnacle.com/_Incapsula_Resource?SWJIYLWA=719d34d31c8e3a6e6fffd425f7e032f3&ns=3&cb=1726811061, line 1: unreachable code after return statement
1551457181270	Marionette	INFO	Stopped listening on port 34989
1551457233403	mozrunner::runner	INFO	Running command: "/usr/bin/firefox" "-marionette" "-foreground" "-no-remote" "-profile" "/tmp/rust_mozprofile.KFmHnsFPeupC"
1551457234526	addons.webextension.screenshots@mozilla.org	WARN	Loading extension 'screenshots@mozilla.org': Reading manifest: Invalid host permission: resource://pdf.js/
1551457234527	addons.webextension.screenshots@mozilla.org	WARN	Loading extension 'screenshots@mozilla.org': Reading manifest: Invalid host permission: about:reader*
1551457235663	Marionette	INFO	Listening on port 38261
1551457235711	Marionette	WARN	TLS certificate errors will be ignored for this session
JavaScript warning: https://members.pinnacle.com/_Incapsula_Resource?SWJIYLWA=719d34d31c8e3a6e6fffd425f7e032f3&ns=3&cb=1273105713, line 1: unreachable code after return statement
JavaScript warning: https://members.pinnacle.com/_Incapsula_Resource?SWJIYLWA=719d34d31c8e3a6e6fffd425f7e032f3&ns=3&cb=1273105713, line 1: unreachable code after return statement
JavaScript warning: https://members.pinnacle.com/_Incapsula_Resource?SWJIYLWA=719d34d31c8e3a6e6fffd425f7e032f3&ns=3&cb=1273105713 line 1 > eval, line 1: unreachable code after return statement
1551457262937	Marionette	INFO	Stopped listening on port 38261
[Parent 18094, Gecko_IOThread] WARNING: pipe error (68): Connection reset by peer: file /builddir/build/BUILD/firefox-65.0/ipc/chromium/src/chrome/common/ipc_channel_posix.cc, line 349
1551457334701	mozrunner::runner	INFO	Running command: "/usr/bin/firefox" "-marionette" "-foreground" "-no-remote" "-profile" "/tmp/rust_mozprofile.hq0oYp5Dcuit"
1551457335109	addons.webextension.screenshots@mozilla.org	WARN	Loading extension 'screenshots@mozilla.org': Reading manifest: Invalid host permission: resource://pdf.js/
1551457335109	addons.webextension.screenshots@mozilla.org	WARN	Loading extension 'screenshots@mozilla.org': Reading manifest: Invalid host permission: about:reader*
1551457336212	Marionette	INFO	Listening on port 41983
1551457336308	Marionette	WARN	TLS certificate errors will be ignored for this session
JavaScript warning: https://members.pinnacle.com/_Incapsula_Resource?SWJIYLWA=719d34d31c8e3a6e6fffd425f7e032f3&ns=2&cb=777314271, line 1: unreachable code after return statement
JavaScript warning: https://members.pinnacle.com/_Incapsula_Resource?SWJIYLWA=719d34d31c8e3a6e6fffd425f7e032f3&ns=2&cb=777314271, line 1: unreachable code after return statement
JavaScript warning: https://members.pinnacle.com/_Incapsula_Resource?SWJIYLWA=719d34d31c8e3a6e6fffd425f7e032f3&ns=2&cb=777314271 line 1 > eval, line 1: unreachable code after return statement
1551457355945	Marionette	INFO	Stopped listening on port 41983
IPDL protocol error: Handler returned error code!

###!!! [Parent][DispatchAsyncMessage] Error: PLayerTransaction::Msg_ReleaseLayer Processing error: message was deserialized, but the handler returned false (indicating failure)

IPDL protocol error: Handler returned error code!

###!!! [Parent][DispatchAsyncMessage] Error: PLayerTransaction::Msg_ReleaseLayer Processing error: message was deserialized, but the handler returned false (indicating failure)

IPDL protocol error: Handler returned error code!

###!!! [Parent][DispatchAsyncMessage] Error: PLayerTransaction::Msg_ReleaseLayer Processing error: message was deserialized, but the handler returned false (indicating failure)

IPDL protocol error: Handler returned error code!

###!!! [Parent][DispatchAsyncMessage] Error: PLayerTransaction::Msg_ReleaseLayer Processing error: message was deserialized, but the handler returned false (indicating failure)

IPDL protocol error: Handler returned error code!

###!!! [Parent][DispatchAsyncMessage] Error: PLayerTransaction::Msg_ReleaseLayer Processing error: message was deserialized, but the handler returned false (indicating failure)

IPDL protocol error: Handler returned error code!

###!!! [Parent][DispatchAsyncMessage] Error: PLayerTransaction::Msg_ReleaseLayer Processing error: message was deserialized, but the handler returned false (indicating failure)

IPDL protocol error: Handler returned error code!

###!!! [Parent][DispatchAsyncMessage] Error: PLayerTransaction::Msg_ReleaseLayer Processing error: message was deserialized, but the handler returned false (indicating failure)

IPDL protocol error: Handler returned error code!

###!!! [Parent][DispatchAsyncMessage] Error: PLayerTransaction::Msg_ReleaseLayer Processing error: message was deserialized, but the handler returned false (indicating failure)

IPDL protocol error: Handler returned error code!

###!!! [Parent][DispatchAsyncMessage] Error: PLayerTransaction::Msg_ReleaseLayer Processing error: message was deserialized, but the handler returned false (indicating failure)

IPDL protocol error: Handler returned error code!

###!!! [Parent][DispatchAsyncMessage] Error: PLayerTransaction::Msg_ReleaseLayer Processing error: message was deserialized, but the handler returned false (indicating failure)

1551457651949	mozrunner::runner	INFO	Running command: "/usr/bin/firefox" "-marionette" "-foreground" "-no-remote" "-profile" "/tmp/rust_mozprofile.BzUGZ1Wjy4yt"
1551457652405	addons.webextension.screenshots@mozilla.org	WARN	Loading extension 'screenshots@mozilla.org': Reading manifest: Invalid host permission: resource://pdf.js/
1551457652405	addons.webextension.screenshots@mozilla.org	WARN	Loading extension 'screenshots@mozilla.org': Reading manifest: Invalid host permission: about:reader*
1551457653515	Marionette	INFO	Listening on port 36735
1551457653569	Marionette	WARN	TLS certificate errors will be ignored for this session
JavaScript warning: https://members.pinnacle.com/_Incapsula_Resource?SWJIYLWA=719d34d31c8e3a6e6fffd425f7e032f3&ns=3&cb=645519885, line 1: unreachable code after return statement
JavaScript warning: https://members.pinnacle.com/_Incapsula_Resource?SWJIYLWA=719d34d31c8e3a6e6fffd425f7e032f3&ns=3&cb=645519885, line 1: unreachable code after return statement
JavaScript warning: https://members.pinnacle.com/_Incapsula_Resource?SWJIYLWA=719d34d31c8e3a6e6fffd425f7e032f3&ns=3&cb=645519885 line 1 > eval, line 1: unreachable code after return statement
Exiting due to channel error.
Exiting due to channel error.
Exiting due to channel error.
1551457750594	mozrunner::runner	INFO	Running command: "/usr/bin/firefox" "-marionette" "-foreground" "-no-remote" "-profile" "/tmp/rust_mozprofile.xPfqds65MsQW"
1551457751697	addons.webextension.screenshots@mozilla.org	WARN	Loading extension 'screenshots@mozilla.org': Reading manifest: Invalid host permission: resource://pdf.js/
1551457751697	addons.webextension.screenshots@mozilla.org	WARN	Loading extension 'screenshots@mozilla.org': Reading manifest: Invalid host permission: about:reader*
1551457752820	Marionette	INFO	Listening on port 46283
1551457752904	Marionette	WARN	TLS certificate errors will be ignored for this session
JavaScript warning: https://members.pinnacle.com/_Incapsula_Resource?SWJIYLWA=719d34d31c8e3a6e6fffd425f7e032f3&ns=3&cb=682748057, line 1: unreachable code after return statement
JavaScript warning: https://members.pinnacle.com/_Incapsula_Resource?SWJIYLWA=719d34d31c8e3a6e6fffd425f7e032f3&ns=3&cb=682748057, line 1: unreachable code after return statement
JavaScript warning: https://members.pinnacle.com/_Incapsula_Resource?SWJIYLWA=719d34d31c8e3a6e6fffd425f7e032f3&ns=3&cb=682748057 line 1 > eval, line 1: unreachable code after return statement
Exiting due to channel error.
Exiting due to channel error.
Exiting due to channel error.
1551457806352	mozrunner::runner	INFO	Running command: "/usr/bin/firefox" "-marionette" "-foreground" "-no-remote" "-profile" "/tmp/rust_mozprofile.qVccd9LRrbaX"
1551457806787	addons.webextension.screenshots@mozilla.org	WARN	Loading extension 'screenshots@mozilla.org': Reading manifest: Invalid host permission: resource://pdf.js/
1551457806787	addons.webextension.screenshots@mozilla.org	WARN	Loading extension 'screenshots@mozilla.org': Reading manifest: Invalid host permission: about:reader*
1551457807981	Marionette	INFO	Listening on port 44363
1551457808059	Marionette	WARN	TLS certificate errors will be ignored for this session
JavaScript warning: https://members.pinnacle.com/_Incapsula_Resource?SWJIYLWA=719d34d31c8e3a6e6fffd425f7e032f3&ns=3&cb=1794883191, line 1: unreachable code after return statement
[Parent 19804, Gecko_IOThread] WARNING: pipe error (90): Connection reset by peer: file /builddir/build/BUILD/firefox-65.0/ipc/chromium/src/chrome/common/ipc_channel_posix.cc, line 349
1551457822242	Marionette	INFO	Stopped listening on port 44363
1551458089215	mozrunner::runner	INFO	Running command: "/usr/bin/firefox" "-marionette" "-foreground" "-no-remote" "-profile" "/tmp/rust_mozprofile.dgmt1wAZBS7L"
1551458089656	addons.webextension.screenshots@mozilla.org	WARN	Loading extension 'screenshots@mozilla.org': Reading manifest: Invalid host permission: resource://pdf.js/
1551458089656	addons.webextension.screenshots@mozilla.org	WARN	Loading extension 'screenshots@mozilla.org': Reading manifest: Invalid host permission: about:reader*
1551458090693	Marionette	INFO	Listening on port 42639
1551458090729	Marionette	WARN	TLS certificate errors will be ignored for this session
JavaScript warning: https://members.pinnacle.com/_Incapsula_Resource?SWJIYLWA=719d34d31c8e3a6e6fffd425f7e032f3&ns=3&cb=258522755, line 1: unreachable code after return statement
JavaScript warning: https://members.pinnacle.com/_Incapsula_Resource?SWJIYLWA=719d34d31c8e3a6e6fffd425f7e032f3&ns=3&cb=258522755, line 1: unreachable code after return statement
JavaScript warning: https://members.pinnacle.com/_Incapsula_Resource?SWJIYLWA=719d34d31c8e3a6e6fffd425f7e032f3&ns=3&cb=258522755 line 1 > eval, line 1: unreachable code after return statement
Exiting due to channel error.
Exiting due to channel error.
Exiting due to channel error.
1551458262931	mozrunner::runner	INFO	Running command: "/usr/bin/firefox" "-marionette" "-foreground" "-no-remote" "-profile" "/tmp/rust_mozprofile.YcG62W2kzlcd"
1551458263554	addons.webextension.screenshots@mozilla.org	WARN	Loading extension 'screenshots@mozilla.org': Reading manifest: Invalid host permission: resource://pdf.js/
1551458263554	addons.webextension.screenshots@mozilla.org	WARN	Loading extension 'screenshots@mozilla.org': Reading manifest: Invalid host permission: about:reader*
1551458264662	Marionette	INFO	Listening on port 46379
1551458264740	Marionette	WARN	TLS certificate errors will be ignored for this session
JavaScript warning: https://members.pinnacle.com/_Incapsula_Resource?SWJIYLWA=719d34d31c8e3a6e6fffd425f7e032f3&ns=2&cb=18773037, line 1: unreachable code after return statement
JavaScript warning: https://members.pinnacle.com/_Incapsula_Resource?SWJIYLWA=719d34d31c8e3a6e6fffd425f7e032f3&ns=2&cb=18773037 line 1 > eval, line 1: unreachable code after return statement
1551458278040	Marionette	INFO	Stopped listening on port 46379

###!!! [Child][RunMessage] Error: Channel closing: too late to send/recv, messages will be lost

[Child 20835, Chrome_ChildThread] WARNING: pipe error (3): Connection reset by peer: file /builddir/build/BUILD/firefox-65.0/ipc/chromium/src/chrome/common/ipc_channel_posix.cc, line 349
1551458505184	mozrunner::runner	INFO	Running command: "/usr/bin/firefox" "-marionette" "-foreground" "-no-remote" "-profile" "/tmp/rust_mozprofile.6OFZcqByWl35"
1551458505665	addons.webextension.screenshots@mozilla.org	WARN	Loading extension 'screenshots@mozilla.org': Reading manifest: Invalid host permission: resource://pdf.js/
1551458505665	addons.webextension.screenshots@mozilla.org	WARN	Loading extension 'screenshots@mozilla.org': Reading manifest: Invalid host permission: about:reader*
1551458506890	Marionette	INFO	Listening on port 43965
1551458506992	Marionette	WARN	TLS certificate errors will be ignored for this session
JavaScript warning: https://members.pinnacle.com/_Incapsula_Resource?SWJIYLWA=719d34d31c8e3a6e6fffd425f7e032f3&ns=3&cb=978133409, line 1: unreachable code after return statement
1551458517523	Marionette	INFO	Stopped listening on port 43965
1551459666670	mozrunner::runner	INFO	Running command: "/usr/bin/firefox" "-marionette" "-foreground" "-no-remote" "-profile" "/tmp/rust_mozprofile.X9mt9aVVgHpf"
1551459667116	addons.webextension.screenshots@mozilla.org	WARN	Loading extension 'screenshots@mozilla.org': Reading manifest: Invalid host permission: resource://pdf.js/
1551459667116	addons.webextension.screenshots@mozilla.org	WARN	Loading extension 'screenshots@mozilla.org': Reading manifest: Invalid host permission: about:reader*
1551459668258	Marionette	INFO	Listening on port 41291
1551459668305	Marionette	WARN	TLS certificate errors will be ignored for this session
JavaScript warning: https://members.pinnacle.com/_Incapsula_Resource?SWJIYLWA=719d34d31c8e3a6e6fffd425f7e032f3&ns=3&cb=1166391950, line 1: unreachable code after return statement
1551459679025	Marionette	INFO	Stopped listening on port 41291
[Child 2496, Chrome_ChildThread] WARNING: pipe error: Broken pipe: file /builddir/build/BUILD/firefox-65.0/ipc/chromium/src/chrome/common/ipc_channel_posix.cc, line 718
[Child 2496, Chrome_ChildThread] WARNING: pipe error: Broken pipe: file /builddir/build/BUILD/firefox-65.0/ipc/chromium/src/chrome/common/ipc_channel_posix.cc, line 718
[Child 2496, Chrome_ChildThread] WARNING: pipe error: Broken pipe: file /builddir/build/BUILD/firefox-65.0/ipc/chromium/src/chrome/common/ipc_channel_posix.cc, line 718
[Child 2496, Chrome_ChildThread] WARNING: pipe error (3): Connection reset by peer: file /builddir/build/BUILD/firefox-65.0/ipc/chromium/src/chrome/common/ipc_channel_posix.cc, line 349
1551459686720	mozrunner::runner	INFO	Running command: "/usr/bin/firefox" "-marionette" "-foreground" "-no-remote" "-profile" "/tmp/rust_mozprofile.EnIeAePjYXmX"
1551459687159	addons.webextension.screenshots@mozilla.org	WARN	Loading extension 'screenshots@mozilla.org': Reading manifest: Invalid host permission: resource://pdf.js/
1551459687160	addons.webextension.screenshots@mozilla.org	WARN	Loading extension 'screenshots@mozilla.org': Reading manifest: Invalid host permission: about:reader*
1551459688275	Marionette	INFO	Listening on port 46299
1551459688334	Marionette	WARN	TLS certificate errors will be ignored for this session
JavaScript warning: https://members.pinnacle.com/_Incapsula_Resource?SWJIYLWA=719d34d31c8e3a6e6fffd425f7e032f3&ns=3&cb=933609823, line 1: unreachable code after return statement
1551459700223	Marionette	INFO	Stopped listening on port 46299
1551460040444	mozrunner::runner	INFO	Running command: "/usr/bin/firefox" "-marionette" "-foreground" "-no-remote" "-profile" "/tmp/rust_mozprofile.wai7sgbz5g9Z"
1551460040872	addons.webextension.screenshots@mozilla.org	WARN	Loading extension 'screenshots@mozilla.org': Reading manifest: Invalid host permission: resource://pdf.js/
1551460040872	addons.webextension.screenshots@mozilla.org	WARN	Loading extension 'screenshots@mozilla.org': Reading manifest: Invalid host permission: about:reader*
1551460041971	Marionette	INFO	Listening on port 43741
1551460042060	Marionette	WARN	TLS certificate errors will be ignored for this session
JavaScript warning: https://members.pinnacle.com/_Incapsula_Resource?SWJIYLWA=719d34d31c8e3a6e6fffd425f7e032f3&ns=3&cb=1376691351, line 1: unreachable code after return statement
[Parent 3290, Gecko_IOThread] WARNING: pipe error (76): Connection reset by peer: file /builddir/build/BUILD/firefox-65.0/ipc/chromium/src/chrome/common/ipc_channel_posix.cc, line 349
1551460074454	Marionette	INFO	Stopped listening on port 43741
1551513943874	mozrunner::runner	INFO	Running command: "/usr/bin/firefox" "-marionette" "-foreground" "-no-remote" "-profile" "/tmp/rust_mozprofile.NsBtdAJfbe1K"
1551513944329	addons.webextension.screenshots@mozilla.org	WARN	Loading extension 'screenshots@mozilla.org': Reading manifest: Invalid host permission: resource://pdf.js/
1551513944329	addons.webextension.screenshots@mozilla.org	WARN	Loading extension 'screenshots@mozilla.org': Reading manifest: Invalid host permission: about:reader*
1551513945763	Marionette	INFO	Listening on port 42213
1551513945797	Marionette	WARN	TLS certificate errors will be ignored for this session
console.error: BroadcastService: 
  receivedBroadcastMessage: handler for
  remote-settings/monitor_changes
  threw error:
  Message: Error: Polling for changes failed: NetworkError when attempting to fetch resource..
  Stack:
    remoteSettingsFunction/remoteSettings.pollChanges@resource://services-settings/remote-settings.js:188:13

JavaScript warning: https://members.pinnacle.com/_Incapsula_Resource?SWJIYLWA=719d34d31c8e3a6e6fffd425f7e032f3&ns=3&cb=541477674, line 1: unreachable code after return statement
Exiting due to channel error.
Exiting due to channel error.
Exiting due to channel error.
1551514165338	mozrunner::runner	INFO	Running command: "/usr/bin/firefox" "-marionette" "-foreground" "-no-remote" "-profile" "/tmp/rust_mozprofile.Wo7z5ZXPCbf6"
1551514165742	addons.webextension.screenshots@mozilla.org	WARN	Loading extension 'screenshots@mozilla.org': Reading manifest: Invalid host permission: resource://pdf.js/
1551514165742	addons.webextension.screenshots@mozilla.org	WARN	Loading extension 'screenshots@mozilla.org': Reading manifest: Invalid host permission: about:reader*
1551514166872	Marionette	INFO	Listening on port 43709
1551514166945	Marionette	WARN	TLS certificate errors will be ignored for this session
JavaScript warning: https://members.pinnacle.com/_Incapsula_Resource?SWJIYLWA=719d34d31c8e3a6e6fffd425f7e032f3&ns=3&cb=121998939, line 1: unreachable code after return statement
JavaScript warning: https://members.pinnacle.com/_Incapsula_Resource?SWJIYLWA=719d34d31c8e3a6e6fffd425f7e032f3&ns=3&cb=121998939, line 1: unreachable code after return statement
JavaScript warning: https://members.pinnacle.com/_Incapsula_Resource?SWJIYLWA=719d34d31c8e3a6e6fffd425f7e032f3&ns=3&cb=121998939 line 1 > eval, line 1: unreachable code after return statement
[Parent 12652, Gecko_IOThread] WARNING: pipe error (76): Connection reset by peer: file /builddir/build/BUILD/firefox-65.0/ipc/chromium/src/chrome/common/ipc_channel_posix.cc, line 349
[Parent 12652, Gecko_IOThread] WARNING: pipe error (77): Connection reset by peer: file /builddir/build/BUILD/firefox-65.0/ipc/chromium/src/chrome/common/ipc_channel_posix.cc, line 349
1551514224811	Marionette	INFO	Stopped listening on port 43709
1551514321926	mozrunner::runner	INFO	Running command: "/usr/bin/firefox" "-marionette" "-foreground" "-no-remote" "-profile" "/tmp/rust_mozprofile.lwzPEAOH0oyn"
1551514322362	addons.webextension.screenshots@mozilla.org	WARN	Loading extension 'screenshots@mozilla.org': Reading manifest: Invalid host permission: resource://pdf.js/
1551514322362	addons.webextension.screenshots@mozilla.org	WARN	Loading extension 'screenshots@mozilla.org': Reading manifest: Invalid host permission: about:reader*
1551514323541	Marionette	INFO	Listening on port 35569
1551514323632	Marionette	WARN	TLS certificate errors will be ignored for this session
JavaScript warning: https://members.pinnacle.com/_Incapsula_Resource?SWJIYLWA=719d34d31c8e3a6e6fffd425f7e032f3&ns=3&cb=1575963028, line 1: unreachable code after return statement
IPDL protocol error: Handler returned error code!

###!!! [Parent][DispatchAsyncMessage] Error: PLayerTransaction::Msg_ReleaseLayer Processing error: message was deserialized, but the handler returned false (indicating failure)

IPDL protocol error: Handler returned error code!

###!!! [Parent][DispatchAsyncMessage] Error: PLayerTransaction::Msg_ReleaseLayer Processing error: message was deserialized, but the handler returned false (indicating failure)

IPDL protocol error: Handler returned error code!

###!!! [Parent][DispatchAsyncMessage] Error: PLayerTransaction::Msg_ReleaseLayer Processing error: message was deserialized, but the handler returned false (indicating failure)

IPDL protocol error: Handler returned error code!

###!!! [Parent][DispatchAsyncMessage] Error: PLayerTransaction::Msg_ReleaseLayer Processing error: message was deserialized, but the handler returned false (indicating failure)

IPDL protocol error: Handler returned error code!

###!!! [Parent][DispatchAsyncMessage] Error: PLayerTransaction::Msg_ReleaseLayer Processing error: message was deserialized, but the handler returned false (indicating failure)

IPDL protocol error: Handler returned error code!

###!!! [Parent][DispatchAsyncMessage] Error: PLayerTransaction::Msg_ReleaseLayer Processing error: message was deserialized, but the handler returned false (indicating failure)

IPDL protocol error: Handler returned error code!

###!!! [Parent][DispatchAsyncMessage] Error: PLayerTransaction::Msg_ReleaseLayer Processing error: message was deserialized, but the handler returned false (indicating failure)

IPDL protocol error: Handler returned error code!

###!!! [Parent][DispatchAsyncMessage] Error: PLayerTransaction::Msg_ReleaseLayer Processing error: message was deserialized, but the handler returned false (indicating failure)

IPDL protocol error: Handler returned error code!

###!!! [Parent][DispatchAsyncMessage] Error: PLayerTransaction::Msg_ReleaseLayer Processing error: message was deserialized, but the handler returned false (indicating failure)

IPDL protocol error: Handler returned error code!

###!!! [Parent][DispatchAsyncMessage] Error: PLayerTransaction::Msg_ReleaseLayer Processing error: message was deserialized, but the handler returned false (indicating failure)

1551514446719	Marionette	INFO	Stopped listening on port 35569
1551514476256	mozrunner::runner	INFO	Running command: "/usr/bin/firefox" "-marionette" "-foreground" "-no-remote" "-profile" "/tmp/rust_mozprofile.G7X6iuUHbFCa"
1551514477732	addons.webextension.screenshots@mozilla.org	WARN	Loading extension 'screenshots@mozilla.org': Reading manifest: Invalid host permission: resource://pdf.js/
1551514477733	addons.webextension.screenshots@mozilla.org	WARN	Loading extension 'screenshots@mozilla.org': Reading manifest: Invalid host permission: about:reader*
1551514478913	Marionette	INFO	Listening on port 46759
1551514478966	Marionette	WARN	TLS certificate errors will be ignored for this session
JavaScript warning: https://members.pinnacle.com/_Incapsula_Resource?SWJIYLWA=719d34d31c8e3a6e6fffd425f7e032f3&ns=3&cb=1870384309, line 1: unreachable code after return statement
JavaScript warning: https://members.pinnacle.com/_Incapsula_Resource?SWJIYLWA=719d34d31c8e3a6e6fffd425f7e032f3&ns=3&cb=1870384309, line 1: unreachable code after return statement
JavaScript warning: https://members.pinnacle.com/_Incapsula_Resource?SWJIYLWA=719d34d31c8e3a6e6fffd425f7e032f3&ns=3&cb=1870384309 line 1 > eval, line 1: unreachable code after return statement
Exiting due to channel error.
[GFX1-]: Receive IPC close with reason=AbnormalShutdown
[Child 13720, Chrome_ChildThread] WARNING: pipe error (3): Connection reset by peer: file /builddir/build/BUILD/firefox-65.0/ipc/chromium/src/chrome/common/ipc_channel_posix.cc, line 349
Exiting due to channel error.
Exiting due to channel error.
1551514537530	mozrunner::runner	INFO	Running command: "/usr/bin/firefox" "-marionette" "-foreground" "-no-remote" "-profile" "/tmp/rust_mozprofile.CiLOdRIvydy9"
1551514538967	addons.webextension.screenshots@mozilla.org	WARN	Loading extension 'screenshots@mozilla.org': Reading manifest: Invalid host permission: resource://pdf.js/
1551514538967	addons.webextension.screenshots@mozilla.org	WARN	Loading extension 'screenshots@mozilla.org': Reading manifest: Invalid host permission: about:reader*
1551514540129	Marionette	INFO	Listening on port 35181
1551514540163	Marionette	WARN	TLS certificate errors will be ignored for this session
JavaScript warning: https://members.pinnacle.com/_Incapsula_Resource?SWJIYLWA=719d34d31c8e3a6e6fffd425f7e032f3&ns=3&cb=470010485, line 1: unreachable code after return statement
JavaScript warning: https://members.pinnacle.com/_Incapsula_Resource?SWJIYLWA=719d34d31c8e3a6e6fffd425f7e032f3&ns=3&cb=470010485, line 1: unreachable code after return statement
JavaScript warning: https://members.pinnacle.com/_Incapsula_Resource?SWJIYLWA=719d34d31c8e3a6e6fffd425f7e032f3&ns=3&cb=470010485 line 1 > eval, line 1: unreachable code after return statement
[Parent 13939, Gecko_IOThread] WARNING: pipe error (68): Connection reset by peer: file /builddir/build/BUILD/firefox-65.0/ipc/chromium/src/chrome/common/ipc_channel_posix.cc, line 349
[Parent 13939, Gecko_IOThread] WARNING: pipe error (69): Connection reset by peer: file /builddir/build/BUILD/firefox-65.0/ipc/chromium/src/chrome/common/ipc_channel_posix.cc, line 349
1551514558490	Marionette	INFO	Stopped listening on port 35181
1551514584458	mozrunner::runner	INFO	Running command: "/usr/bin/firefox" "-marionette" "-foreground" "-no-remote" "-profile" "/tmp/rust_mozprofile.ZBWIWkNXLqkv"
1551514584879	addons.webextension.screenshots@mozilla.org	WARN	Loading extension 'screenshots@mozilla.org': Reading manifest: Invalid host permission: resource://pdf.js/
1551514584879	addons.webextension.screenshots@mozilla.org	WARN	Loading extension 'screenshots@mozilla.org': Reading manifest: Invalid host permission: about:reader*
1551514586031	Marionette	INFO	Listening on port 36555
1551514586070	Marionette	WARN	TLS certificate errors will be ignored for this session
JavaScript warning: https://members.pinnacle.com/_Incapsula_Resource?SWJIYLWA=719d34d31c8e3a6e6fffd425f7e032f3&ns=3&cb=703600832, line 1: unreachable code after return statement
JavaScript warning: https://members.pinnacle.com/_Incapsula_Resource?SWJIYLWA=719d34d31c8e3a6e6fffd425f7e032f3&ns=3&cb=703600832 line 1 > eval, line 1: unreachable code after return statement
console.error: BroadcastService: 
  receivedBroadcastMessage: handler for
  remote-settings/monitor_changes
  threw error:
  Message: Error: Polling for changes failed: NetworkError when attempting to fetch resource..
  Stack:
    remoteSettingsFunction/remoteSettings.pollChanges@resource://services-settings/remote-settings.js:188:13

Exiting due to channel error.
Exiting due to channel error.
Exiting due to channel error.
1551515108355	mozrunner::runner	INFO	Running command: "/usr/bin/firefox" "-marionette" "-foreground" "-no-remote" "-profile" "/tmp/rust_mozprofile.jYnJUMDuiwt9"
1551515109003	addons.webextension.screenshots@mozilla.org	WARN	Loading extension 'screenshots@mozilla.org': Reading manifest: Invalid host permission: resource://pdf.js/
1551515109004	addons.webextension.screenshots@mozilla.org	WARN	Loading extension 'screenshots@mozilla.org': Reading manifest: Invalid host permission: about:reader*
1551515110003	Marionette	INFO	Listening on port 44799
1551515110084	Marionette	WARN	TLS certificate errors will be ignored for this session
Exiting due to channel error.
Exiting due to channel error.
Exiting due to channel error.
1551515173247	mozrunner::runner	INFO	Running command: "/usr/bin/firefox" "-marionette" "-foreground" "-no-remote" "-profile" "/tmp/rust_mozprofile.HzuE0gAj8RFx"
1551515174129	addons.webextension.screenshots@mozilla.org	WARN	Loading extension 'screenshots@mozilla.org': Reading manifest: Invalid host permission: resource://pdf.js/
1551515174129	addons.webextension.screenshots@mozilla.org	WARN	Loading extension 'screenshots@mozilla.org': Reading manifest: Invalid host permission: about:reader*
1551515175342	Marionette	INFO	Listening on port 38925
1551515175354	Marionette	WARN	TLS certificate errors will be ignored for this session
JavaScript warning: https://v2l.ccdnss.com/default/js/connect.js?v=02032019, line 2093: unreachable code after return statement
JavaScript warning: https://v2l.ccdnss.com/default/js/vue-modules/game.js?v=1, line 688: unreachable code after return statement
Exiting due to channel error.
Exiting due to channel error.
Exiting due to channel error.
1551515302405	mozrunner::runner	INFO	Running command: "/usr/bin/firefox" "-marionette" "-foreground" "-no-remote" "-profile" "/tmp/rust_mozprofile.XXrT8D60FkUW"
1551515302977	addons.webextension.screenshots@mozilla.org	WARN	Loading extension 'screenshots@mozilla.org': Reading manifest: Invalid host permission: resource://pdf.js/
1551515302977	addons.webextension.screenshots@mozilla.org	WARN	Loading extension 'screenshots@mozilla.org': Reading manifest: Invalid host permission: about:reader*
1551515304460	Marionette	INFO	Listening on port 34343
1551515304513	Marionette	WARN	TLS certificate errors will be ignored for this session
JavaScript warning: https://v2l.ccdnss.com/default/js/connect.js?v=02032019, line 2093: unreachable code after return statement
JavaScript warning: https://v2l.ccdnss.com/default/js/vue-modules/game.js?v=1, line 688: unreachable code after return statement
JavaScript warning: https://v2l.ccdnss.com/default/js/connect.js?v=02032019, line 2093: unreachable code after return statement
JavaScript warning: https://v2l.ccdnss.com/default/js/vue-modules/game.js?v=1, line 688: unreachable code after return statement
Exiting due to channel error.
Exiting due to channel error.
Exiting due to channel error.
1551515374851	mozrunner::runner	INFO	Running command: "/usr/bin/firefox" "-marionette" "-foreground" "-no-remote" "-profile" "/tmp/rust_mozprofile.L95UzLmU9Mon"
1551515375274	addons.webextension.screenshots@mozilla.org	WARN	Loading extension 'screenshots@mozilla.org': Reading manifest: Invalid host permission: resource://pdf.js/
1551515375274	addons.webextension.screenshots@mozilla.org	WARN	Loading extension 'screenshots@mozilla.org': Reading manifest: Invalid host permission: about:reader*
1551515376406	Marionette	INFO	Listening on port 35543
1551515376464	Marionette	WARN	TLS certificate errors will be ignored for this session
JavaScript warning: https://v2l.ccdnss.com/default/js/connect.js?v=02032019, line 2093: unreachable code after return statement
JavaScript warning: https://v2l.ccdnss.com/default/js/vue-modules/game.js?v=1, line 688: unreachable code after return statement
Exiting due to channel error.
Exiting due to channel error.
Exiting due to channel error.
1551515438593	mozrunner::runner	INFO	Running command: "/usr/bin/firefox" "-marionette" "-foreground" "-no-remote" "-profile" "/tmp/rust_mozprofile.wvFFlHC18ZIN"
1551515439271	addons.webextension.screenshots@mozilla.org	WARN	Loading extension 'screenshots@mozilla.org': Reading manifest: Invalid host permission: resource://pdf.js/
1551515439271	addons.webextension.screenshots@mozilla.org	WARN	Loading extension 'screenshots@mozilla.org': Reading manifest: Invalid host permission: about:reader*
1551515440438	Marionette	INFO	Listening on port 37293
1551515440505	Marionette	WARN	TLS certificate errors will be ignored for this session
JavaScript warning: https://v2l.ccdnss.com/default/js/connect.js?v=02032019, line 2093: unreachable code after return statement
JavaScript warning: https://v2l.ccdnss.com/default/js/vue-modules/game.js?v=1, line 688: unreachable code after return statement
JavaScript error: https://1xbet.com/default/js/checker.js, line 68: SyntaxError: JSON.parse: unexpected end of data at line 1 column 1 of the JSON data
JavaScript warning: https://v2l.ccdnss.com/default/js/connect.js?v=02032019, line 2093: unreachable code after return statement
JavaScript warning: https://v2l.ccdnss.com/default/js/vue-modules/game.js?v=1, line 688: unreachable code after return statement
JavaScript warning: https://v2l.ccdnss.com/default/js/connect.js?v=02032019, line 2093: unreachable code after return statement
JavaScript warning: https://v2l.ccdnss.com/default/js/vue-modules/game.js?v=1, line 688: unreachable code after return statement
console.error: "Task cancelled"
JavaScript warning: https://v2l.ccdnss.com/default/js/connect.js?v=02032019, line 2093: unreachable code after return statement
JavaScript warning: https://v2l.ccdnss.com/default/js/vue-modules/game.js?v=1, line 688: unreachable code after return statement
Exiting due to channel error.
Exiting due to channel error.
[GFX1-]: Receive IPC close with reason=AbnormalShutdown
[Child 16681, Chrome_ChildThread] WARNING: pipe error (3): Connection reset by peer: file /builddir/build/BUILD/firefox-65.0/ipc/chromium/src/chrome/common/ipc_channel_posix.cc, line 349
Exiting due to channel error.
1551516282459	mozrunner::runner	INFO	Running command: "/usr/bin/firefox" "-marionette" "-foreground" "-no-remote" "-profile" "/tmp/rust_mozprofile.Lmi1I0NtlCQT"
1551516282883	addons.webextension.screenshots@mozilla.org	WARN	Loading extension 'screenshots@mozilla.org': Reading manifest: Invalid host permission: resource://pdf.js/
1551516282883	addons.webextension.screenshots@mozilla.org	WARN	Loading extension 'screenshots@mozilla.org': Reading manifest: Invalid host permission: about:reader*
1551516284127	Marionette	INFO	Listening on port 41269
1551516284166	Marionette	WARN	TLS certificate errors will be ignored for this session
Exiting due to channel error.
[GFX1-]: Receive IPC close with reason=AbnormalShutdown
Exiting due to channel error.
[GFX1-]: Receive IPC close with reason=AbnormalShutdown
[Child 17363, Chrome_ChildThread] WARNING: pipe error (3): Connection reset by peer: file /builddir/build/BUILD/firefox-65.0/ipc/chromium/src/chrome/common/ipc_channel_posix.cc, line 349
Exiting due to channel error.
1551516424366	mozrunner::runner	INFO	Running command: "/usr/bin/firefox" "-marionette" "-foreground" "-no-remote" "-profile" "/tmp/rust_mozprofile.OoeJJpUZoHDB"
1551516424790	addons.webextension.screenshots@mozilla.org	WARN	Loading extension 'screenshots@mozilla.org': Reading manifest: Invalid host permission: resource://pdf.js/
1551516424790	addons.webextension.screenshots@mozilla.org	WARN	Loading extension 'screenshots@mozilla.org': Reading manifest: Invalid host permission: about:reader*
1551516425929	Marionette	INFO	Listening on port 42607
1551516425979	Marionette	WARN	TLS certificate errors will be ignored for this session
1551516454004	Marionette	INFO	Stopped listening on port 42607
1551516485242	mozrunner::runner	INFO	Running command: "/usr/bin/firefox" "-marionette" "-foreground" "-no-remote" "-profile" "/tmp/rust_mozprofile.mjiHuozl9OTL"
1551516487932	addons.webextension.screenshots@mozilla.org	WARN	Loading extension 'screenshots@mozilla.org': Reading manifest: Invalid host permission: resource://pdf.js/
1551516487933	addons.webextension.screenshots@mozilla.org	WARN	Loading extension 'screenshots@mozilla.org': Reading manifest: Invalid host permission: about:reader*
1551516489129	Marionette	INFO	Listening on port 42167
1551516491144	Marionette	WARN	TLS certificate errors will be ignored for this session
JavaScript warning: https://v2l.ccdnss.com/default/js/connect.js?v=02032019, line 2093: unreachable code after return statement
JavaScript warning: https://v2l.ccdnss.com/default/js/vue-modules/game.js?v=1, line 688: unreachable code after return statement
1551516538586	Marionette	INFO	Stopped listening on port 42167
1551516576392	mozrunner::runner	INFO	Running command: "/usr/bin/firefox" "-marionette" "-foreground" "-no-remote" "-profile" "/tmp/rust_mozprofile.cBEtk7nM6N2N"
1551516578916	addons.webextension.screenshots@mozilla.org	WARN	Loading extension 'screenshots@mozilla.org': Reading manifest: Invalid host permission: resource://pdf.js/
1551516578916	addons.webextension.screenshots@mozilla.org	WARN	Loading extension 'screenshots@mozilla.org': Reading manifest: Invalid host permission: about:reader*
1551516580102	Marionette	INFO	Listening on port 42683
1551516580221	Marionette	WARN	TLS certificate errors will be ignored for this session
JavaScript warning: https://v2l.ccdnss.com/default/js/connect.js?v=02032019, line 2093: unreachable code after return statement
JavaScript warning: https://v2l.ccdnss.com/default/js/vue-modules/game.js?v=1, line 688: unreachable code after return statement
JavaScript error: https://www.gstatic.com/recaptcha/api2/v1550471573786/recaptcha__en.js, line 330: TypeError: m is undefined
JavaScript warning: https://v2l.ccdnss.com/default/js/connect.js?v=02032019, line 2093: unreachable code after return statement
[GFX1-]: Receive IPC close with reason=AbnormalShutdown
[Child 18572, Chrome_ChildThread] WARNING: pipe error (3): Connection reset by peer: file /builddir/build/BUILD/firefox-65.0/ipc/chromium/src/chrome/common/ipc_channel_posix.cc, line 349
Exiting due to channel error.
Exiting due to channel error.
Exiting due to channel error.
1551516857147	mozrunner::runner	INFO	Running command: "/usr/bin/firefox" "-marionette" "-foreground" "-no-remote" "-profile" "/tmp/rust_mozprofile.lBegxFBlzxet"
1551516857567	addons.webextension.screenshots@mozilla.org	WARN	Loading extension 'screenshots@mozilla.org': Reading manifest: Invalid host permission: resource://pdf.js/
1551516857568	addons.webextension.screenshots@mozilla.org	WARN	Loading extension 'screenshots@mozilla.org': Reading manifest: Invalid host permission: about:reader*
1551516858669	Marionette	INFO	Listening on port 46733
1551516858754	Marionette	WARN	TLS certificate errors will be ignored for this session
JavaScript warning: https://v2l.ccdnss.com/default/js/connect.js?v=02032019, line 2093: unreachable code after return statement
JavaScript warning: https://v2l.ccdnss.com/default/js/vue-modules/game.js?v=1, line 688: unreachable code after return statement
JavaScript error: https://v2l.ccdnss.com/vendor/jquery/dist/jquery.min.js, line 4: InvalidStateError: An attempt was made to use an object that is not, or is no longer, usable
JavaScript error: https://www.gstatic.com/recaptcha/api2/v1550471573786/recaptcha__en.js, line 330: TypeError: m is undefined
JavaScript warning: https://v2l.ccdnss.com/default/js/connect.js?v=02032019, line 2093: unreachable code after return statement
JavaScript warning: https://v2l.ccdnss.com/default/js/vue-modules/game.js?v=1, line 688: unreachable code after return statement
console.error: BroadcastService: 
  receivedBroadcastMessage: handler for
  remote-settings/monitor_changes
  threw error:
  Message: Error: Polling for changes failed: NetworkError when attempting to fetch resource..
  Stack:
    remoteSettingsFunction/remoteSettings.pollChanges@resource://services-settings/remote-settings.js:188:13

JavaScript warning: https://v2l.ccdnss.com/default/js/connect.js?v=02032019, line 2093: unreachable code after return statement
JavaScript warning: https://v2l.ccdnss.com/default/js/vue-modules/game.js?v=1, line 688: unreachable code after return statement
Exiting due to channel error.
Exiting due to channel error.
[GFX1-]: Receive IPC close with reason=AbnormalShutdown
[Child 19003, Chrome_ChildThread] WARNING: pipe error (3): Connection reset by peer: file /builddir/build/BUILD/firefox-65.0/ipc/chromium/src/chrome/common/ipc_channel_posix.cc, line 349
Exiting due to channel error.
1551517269810	mozrunner::runner	INFO	Running command: "/usr/bin/firefox" "-marionette" "-foreground" "-no-remote" "-profile" "/tmp/rust_mozprofile.TD4bSg82myTO"
1551517270441	addons.webextension.screenshots@mozilla.org	WARN	Loading extension 'screenshots@mozilla.org': Reading manifest: Invalid host permission: resource://pdf.js/
1551517270441	addons.webextension.screenshots@mozilla.org	WARN	Loading extension 'screenshots@mozilla.org': Reading manifest: Invalid host permission: about:reader*
1551517271727	Marionette	INFO	Listening on port 42157
1551517271828	Marionette	WARN	TLS certificate errors will be ignored for this session
JavaScript warning: https://v2l.ccdnss.com/default/js/connect.js?v=02032019, line 2093: unreachable code after return statement
JavaScript warning: https://v2l.ccdnss.com/default/js/vue-modules/game.js?v=1, line 688: unreachable code after return statement
IPDL protocol error: Handler returned error code!

###!!! [Parent][DispatchAsyncMessage] Error: PMessagePort::Msg_PostMessages Processing error: message was deserialized, but the handler returned false (indicating failure)

JavaScript warning: https://v2l.ccdnss.com/default/js/connect.js?v=02032019, line 2093: unreachable code after return statement
JavaScript warning: https://v2l.ccdnss.com/default/js/vue-modules/game.js?v=1, line 688: unreachable code after return statement
Exiting due to channel error.
Exiting due to channel error.
Exiting due to channel error.
1551517417072	mozrunner::runner	INFO	Running command: "/usr/bin/firefox" "-marionette" "-foreground" "-no-remote" "-profile" "/tmp/rust_mozprofile.pNivcHmA5h2E"
1551517417476	addons.webextension.screenshots@mozilla.org	WARN	Loading extension 'screenshots@mozilla.org': Reading manifest: Invalid host permission: resource://pdf.js/
1551517417476	addons.webextension.screenshots@mozilla.org	WARN	Loading extension 'screenshots@mozilla.org': Reading manifest: Invalid host permission: about:reader*
1551517418592	Marionette	INFO	Listening on port 37999
1551517418686	Marionette	WARN	TLS certificate errors will be ignored for this session
JavaScript warning: https://v2l.ccdnss.com/default/js/connect.js?v=02032019, line 2093: unreachable code after return statement
JavaScript warning: https://v2l.ccdnss.com/default/js/vue-modules/game.js?v=1, line 688: unreachable code after return statement
JavaScript error: https://www.gstatic.com/recaptcha/api2/v1550471573786/recaptcha__en.js, line 330: TypeError: m is undefined
JavaScript error: https://v2l.ccdnss.com/vendor/jquery/dist/jquery.min.js, line 4: InvalidStateError: An attempt was made to use an object that is not, or is no longer, usable
JavaScript warning: https://v2l.ccdnss.com/default/js/connect.js?v=02032019, line 2093: unreachable code after return statement
JavaScript warning: https://v2l.ccdnss.com/default/js/vue-modules/game.js?v=1, line 688: unreachable code after return statement
console.error: BroadcastService: 
  receivedBroadcastMessage: handler for
  remote-settings/monitor_changes
  threw error:
  Message: Error: Polling for changes failed: NetworkError when attempting to fetch resource..
  Stack:
    remoteSettingsFunction/remoteSettings.pollChanges@resource://services-settings/remote-settings.js:188:13

JavaScript warning: https://v2l.ccdnss.com/default/js/connect.js?v=02032019, line 2093: unreachable code after return statement
JavaScript warning: https://v2l.ccdnss.com/default/js/vue-modules/game.js?v=1, line 688: unreachable code after return statement
JavaScript warning: https://v2l.ccdnss.com/default/js/connect.js?v=02032019, line 2093: unreachable code after return statement
JavaScript warning: https://v2l.ccdnss.com/default/js/vue-modules/game.js?v=1, line 688: unreachable code after return statement
JavaScript error: resource:///modules/FaviconLoader.jsm, line 464: NS_ERROR_ILLEGAL_VALUE
1551518121377	Marionette	INFO	Stopped listening on port 37999
1551518124918	mozrunner::runner	INFO	Running command: "/usr/bin/firefox" "-marionette" "-foreground" "-no-remote" "-profile" "/tmp/rust_mozprofile.BiF8W7C31iT0"
1551518125364	addons.webextension.screenshots@mozilla.org	WARN	Loading extension 'screenshots@mozilla.org': Reading manifest: Invalid host permission: resource://pdf.js/
1551518125364	addons.webextension.screenshots@mozilla.org	WARN	Loading extension 'screenshots@mozilla.org': Reading manifest: Invalid host permission: about:reader*
1551518126610	Marionette	INFO	Listening on port 37739
1551518126628	Marionette	WARN	TLS certificate errors will be ignored for this session
JavaScript warning: https://v2l.ccdnss.com/default/js/connect.js?v=02032019, line 2093: unreachable code after return statement
JavaScript warning: https://v2l.ccdnss.com/default/js/vue-modules/game.js?v=1, line 688: unreachable code after return statement
JavaScript error: , line 0: uncaught exception: CustomError: Jsloader error (code #0): Error while loading script //www.google.com/js/bg/9bNVTI-1FYUZ_5Yncbv6RUBFiQRXRTKNotnIYBnW8eY.js
JavaScript warning: https://v2l.ccdnss.com/default/js/connect.js?v=02032019, line 2093: unreachable code after return statement
JavaScript warning: https://v2l.ccdnss.com/default/js/vue-modules/game.js?v=1, line 688: unreachable code after return statement
JavaScript warning: https://v2l.ccdnss.com/default/js/connect.js?v=02032019, line 2093: unreachable code after return statement
JavaScript warning: https://v2l.ccdnss.com/default/js/vue-modules/game.js?v=1, line 688: unreachable code after return statement
console.error: "Error while calling actor 'layout's method 'getGrids'" "node is null"
console.error: "getGrids@resource://devtools/server/actors/layout.js:455:11\ngetGrids@resource://devtools/server/actors/layout.js:460:38\nhandler@resource://devtools/shared/protocol.js:1197:21\nonPacket@resource://devtools/server/main.js:1324:15\nreceiveMessage@resource://devtools/shared/transport/child-transport.js:66:5\n"
console.error: "Error while calling actor 'layout's method 'getGrids'" "node is null"
console.error: "getGrids@resource://devtools/server/actors/layout.js:455:11\ngetGrids@resource://devtools/server/actors/layout.js:460:38\nhandler@resource://devtools/shared/protocol.js:1197:21\nonPacket@resource://devtools/server/main.js:1324:15\nreceiveMessage@resource://devtools/shared/transport/child-transport.js:66:5\n"
IPDL protocol error: Handler returned error code!

###!!! [Parent][DispatchAsyncMessage] Error: PLayerTransaction::Msg_ReleaseLayer Processing error: message was deserialized, but the handler returned false (indicating failure)

IPDL protocol error: Handler returned error code!

###!!! [Parent][DispatchAsyncMessage] Error: PLayerTransaction::Msg_ReleaseLayer Processing error: message was deserialized, but the handler returned false (indicating failure)

IPDL protocol error: Handler returned error code!

###!!! [Parent][DispatchAsyncMessage] Error: PLayerTransaction::Msg_ReleaseLayer Processing error: message was deserialized, but the handler returned false (indicating failure)

IPDL protocol error: Handler returned error code!

###!!! [Parent][DispatchAsyncMessage] Error: PLayerTransaction::Msg_ReleaseLayer Processing error: message was deserialized, but the handler returned false (indicating failure)

IPDL protocol error: Handler returned error code!

###!!! [Parent][DispatchAsyncMessage] Error: PLayerTransaction::Msg_ReleaseLayer Processing error: message was deserialized, but the handler returned false (indicating failure)

IPDL protocol error: Handler returned error code!

###!!! [Parent][DispatchAsyncMessage] Error: PLayerTransaction::Msg_ReleaseLayer Processing error: message was deserialized, but the handler returned false (indicating failure)

IPDL protocol error: Handler returned error code!

###!!! [Parent][DispatchAsyncMessage] Error: PLayerTransaction::Msg_ReleaseLayer Processing error: message was deserialized, but the handler returned false (indicating failure)

IPDL protocol error: Handler returned error code!

###!!! [Parent][DispatchAsyncMessage] Error: PLayerTransaction::Msg_ReleaseLayer Processing error: message was deserialized, but the handler returned false (indicating failure)

IPDL protocol error: Handler returned error code!

###!!! [Parent][DispatchAsyncMessage] Error: PLayerTransaction::Msg_ReleaseLayer Processing error: message was deserialized, but the handler returned false (indicating failure)

IPDL protocol error: Handler returned error code!

###!!! [Parent][DispatchAsyncMessage] Error: PLayerTransaction::Msg_ReleaseLayer Processing error: message was deserialized, but the handler returned false (indicating failure)

IPDL protocol error: Handler returned error code!

###!!! [Parent][DispatchAsyncMessage] Error: PLayerTransaction::Msg_ReleaseLayer Processing error: message was deserialized, but the handler returned false (indicating failure)

IPDL protocol error: Handler returned error code!

###!!! [Parent][DispatchAsyncMessage] Error: PLayerTransaction::Msg_ReleaseLayer Processing error: message was deserialized, but the handler returned false (indicating failure)

IPDL protocol error: Handler returned error code!

###!!! [Parent][DispatchAsyncMessage] Error: PLayerTransaction::Msg_ReleaseLayer Processing error: message was deserialized, but the handler returned false (indicating failure)

IPDL protocol error: Handler returned error code!

###!!! [Parent][DispatchAsyncMessage] Error: PLayerTransaction::Msg_ReleaseLayer Processing error: message was deserialized, but the handler returned false (indicating failure)

IPDL protocol error: Handler returned error code!

###!!! [Parent][DispatchAsyncMessage] Error: PLayerTransaction::Msg_ReleaseLayer Processing error: message was deserialized, but the handler returned false (indicating failure)

IPDL protocol error: Handler returned error code!

###!!! [Parent][DispatchAsyncMessage] Error: PLayerTransaction::Msg_ReleaseLayer Processing error: message was deserialized, but the handler returned false (indicating failure)

IPDL protocol error: Handler returned error code!

###!!! [Parent][DispatchAsyncMessage] Error: PLayerTransaction::Msg_ReleaseLayer Processing error: message was deserialized, but the handler returned false (indicating failure)

1551518213393	Marionette	INFO	Stopped listening on port 37739
1551531761341	mozrunner::runner	INFO	Running command: "/usr/bin/firefox" "-marionette" "-foreground" "-no-remote" "-profile" "/tmp/rust_mozprofile.iKf5YTc0oM31"
1551531761918	addons.webextension.screenshots@mozilla.org	WARN	Loading extension 'screenshots@mozilla.org': Reading manifest: Invalid host permission: resource://pdf.js/
1551531761919	addons.webextension.screenshots@mozilla.org	WARN	Loading extension 'screenshots@mozilla.org': Reading manifest: Invalid host permission: about:reader*
1551531763084	Marionette	INFO	Listening on port 43285
1551531763156	Marionette	WARN	TLS certificate errors will be ignored for this session
[GFX1-]: Receive IPC close with reason=AbnormalShutdown
Exiting due to channel error.
Exiting due to channel error.
Exiting due to channel error.
1551531816956	mozrunner::runner	INFO	Running command: "/usr/bin/firefox" "-marionette" "-foreground" "-no-remote" "-profile" "/tmp/rust_mozprofile.UV8vanfKScyc"
1551531817373	addons.webextension.screenshots@mozilla.org	WARN	Loading extension 'screenshots@mozilla.org': Reading manifest: Invalid host permission: resource://pdf.js/
1551531817373	addons.webextension.screenshots@mozilla.org	WARN	Loading extension 'screenshots@mozilla.org': Reading manifest: Invalid host permission: about:reader*
1551531818514	Marionette	INFO	Listening on port 44385
1551531818567	Marionette	WARN	TLS certificate errors will be ignored for this session
Exiting due to channel error.
Exiting due to channel error.
[GFX1-]: Receive IPC close with reason=AbnormalShutdown
[Child 23876, Chrome_ChildThread] WARNING: pipe error (3): Connection reset by peer: file /builddir/build/BUILD/firefox-65.0/ipc/chromium/src/chrome/common/ipc_channel_posix.cc, line 349
Exiting due to channel error.
1551531843049	mozrunner::runner	INFO	Running command: "/usr/bin/firefox" "-marionette" "-foreground" "-no-remote" "-profile" "/tmp/rust_mozprofile.JdKDwY9EEDNJ"
1551531843470	addons.webextension.screenshots@mozilla.org	WARN	Loading extension 'screenshots@mozilla.org': Reading manifest: Invalid host permission: resource://pdf.js/
1551531843470	addons.webextension.screenshots@mozilla.org	WARN	Loading extension 'screenshots@mozilla.org': Reading manifest: Invalid host permission: about:reader*
1551531844640	Marionette	INFO	Listening on port 43189
1551531844663	Marionette	WARN	TLS certificate errors will be ignored for this session
Exiting due to channel error.
Exiting due to channel error.
Exiting due to channel error.
1551531910567	mozrunner::runner	INFO	Running command: "/usr/bin/firefox" "-marionette" "-foreground" "-no-remote" "-profile" "/tmp/rust_mozprofile.PRhpbROSuFek"
1551531911058	addons.webextension.screenshots@mozilla.org	WARN	Loading extension 'screenshots@mozilla.org': Reading manifest: Invalid host permission: resource://pdf.js/
1551531911058	addons.webextension.screenshots@mozilla.org	WARN	Loading extension 'screenshots@mozilla.org': Reading manifest: Invalid host permission: about:reader*
1551531912090	Marionette	INFO	Listening on port 39373
1551531912180	Marionette	WARN	TLS certificate errors will be ignored for this session
Exiting due to channel error.
Exiting due to channel error.
Exiting due to channel error.
1551532189282	mozrunner::runner	INFO	Running command: "/usr/bin/firefox" "-marionette" "-foreground" "-no-remote" "-profile" "/tmp/rust_mozprofile.ER81TU4zKw96"
1551532190861	addons.webextension.screenshots@mozilla.org	WARN	Loading extension 'screenshots@mozilla.org': Reading manifest: Invalid host permission: resource://pdf.js/
1551532190861	addons.webextension.screenshots@mozilla.org	WARN	Loading extension 'screenshots@mozilla.org': Reading manifest: Invalid host permission: about:reader*
1551532191938	Marionette	INFO	Listening on port 44147
1551532191992	Marionette	WARN	TLS certificate errors will be ignored for this session
[Parent 24872, Gecko_IOThread] WARNING: pipe error (69): Connection reset by peer: file /builddir/build/BUILD/firefox-65.0/ipc/chromium/src/chrome/common/ipc_channel_posix.cc, line 349
1551532197394	Marionette	INFO	Stopped listening on port 44147
1551532200950	mozrunner::runner	INFO	Running command: "/usr/bin/firefox" "-marionette" "-foreground" "-no-remote" "-profile" "/tmp/rust_mozprofile.s0m9WmxlLGQT"
1551532201359	addons.webextension.screenshots@mozilla.org	WARN	Loading extension 'screenshots@mozilla.org': Reading manifest: Invalid host permission: resource://pdf.js/
1551532201359	addons.webextension.screenshots@mozilla.org	WARN	Loading extension 'screenshots@mozilla.org': Reading manifest: Invalid host permission: about:reader*
1551532202494	Marionette	INFO	Listening on port 42995
1551532202571	Marionette	WARN	TLS certificate errors will be ignored for this session
console.error: BroadcastService: 
  receivedBroadcastMessage: handler for
  remote-settings/monitor_changes
  threw error:
  Message: Error: Polling for changes failed: NetworkError when attempting to fetch resource..
  Stack:
    remoteSettingsFunction/remoteSettings.pollChanges@resource://services-settings/remote-settings.js:188:13

Exiting due to channel error.
Exiting due to channel error.
[GFX1-]: Receive IPC close with reason=AbnormalShutdown
[Child 25386, Chrome_ChildThread] WARNING: pipe error (3): Connection reset by peer: file /builddir/build/BUILD/firefox-65.0/ipc/chromium/src/chrome/common/ipc_channel_posix.cc, line 349
Exiting due to channel error.
1551532579462	mozrunner::runner	INFO	Running command: "/usr/bin/firefox" "-marionette" "-foreground" "-no-remote" "-profile" "/tmp/rust_mozprofile.2UMCcNGvfyua"
1551532579892	addons.webextension.screenshots@mozilla.org	WARN	Loading extension 'screenshots@mozilla.org': Reading manifest: Invalid host permission: resource://pdf.js/
1551532579892	addons.webextension.screenshots@mozilla.org	WARN	Loading extension 'screenshots@mozilla.org': Reading manifest: Invalid host permission: about:reader*
1551532581294	Marionette	INFO	Listening on port 33495
1551532581369	Marionette	WARN	TLS certificate errors will be ignored for this session
console.error: BroadcastService: 
  receivedBroadcastMessage: handler for
  remote-settings/monitor_changes
  threw error:
  Message: Error: Polling for changes failed: NetworkError when attempting to fetch resource..
  Stack:
    remoteSettingsFunction/remoteSettings.pollChanges@resource://services-settings/remote-settings.js:188:13

Exiting due to channel error.
Exiting due to channel error.
[GFX1-]: Receive IPC close with reason=AbnormalShutdown
[Child 25811, Chrome_ChildThread] WARNING: pipe error (3): Connection reset by peer: file /builddir/build/BUILD/firefox-65.0/ipc/chromium/src/chrome/common/ipc_channel_posix.cc, line 349
Exiting due to channel error.
1551532815530	mozrunner::runner	INFO	Running command: "/usr/bin/firefox" "-marionette" "-foreground" "-no-remote" "-profile" "/tmp/rust_mozprofile.6rhu3sCsnlce"
1551532816383	addons.webextension.screenshots@mozilla.org	WARN	Loading extension 'screenshots@mozilla.org': Reading manifest: Invalid host permission: resource://pdf.js/
1551532816383	addons.webextension.screenshots@mozilla.org	WARN	Loading extension 'screenshots@mozilla.org': Reading manifest: Invalid host permission: about:reader*
1551532817696	Marionette	INFO	Listening on port 33613
1551532817740	Marionette	WARN	TLS certificate errors will be ignored for this session
console.error: BroadcastService: 
  receivedBroadcastMessage: handler for
  remote-settings/monitor_changes
  threw error:
  Message: Error: Polling for changes failed: NetworkError when attempting to fetch resource..
  Stack:
    remoteSettingsFunction/remoteSettings.pollChanges@resource://services-settings/remote-settings.js:188:13

Exiting due to channel error.
[GFX1-]: Receive IPC close with reason=AbnormalShutdown
[GFX1-]: Receive IPC close with reason=AbnormalShutdown
[Child 26253, Chrome_ChildThread] WARNING: pipe error (3): Connection reset by peer: file /builddir/build/BUILD/firefox-65.0/ipc/chromium/src/chrome/common/ipc_channel_posix.cc, line 349
Exiting due to channel error.
Exiting due to channel error.
